<?xml version="1.0" encoding="UTF-8"?>
<testsuite name="exp101.FuncServiceSpec" tests="1" skipped="0" failures="0" errors="0" timestamp="2020-02-29T11:44:49" hostname="Jeanette-PC" time="0.016">
  <properties/>
  <testcase name="test getUSDCurrency" classname="exp101.FuncServiceSpec" time="0.016"/>
  <system-out><![CDATA[13:44:48,056 |-INFO in ch.qos.logback.classic.LoggerContext[default] - Could NOT find resource [logback-test.xml]
13:44:48,056 |-INFO in ch.qos.logback.classic.LoggerContext[default] - Found resource [logback.groovy] at [file:/E:/Grails/exp101/build/resources/integrationTest/logback.groovy]
13:44:48,057 |-WARN in ch.qos.logback.classic.LoggerContext[default] - Resource [logback.groovy] occurs multiple times on the classpath.
13:44:48,057 |-WARN in ch.qos.logback.classic.LoggerContext[default] - Resource [logback.groovy] occurs at [file:/E:/Grails/exp101/build/resources/integrationTest/logback.groovy]
13:44:48,057 |-WARN in ch.qos.logback.classic.LoggerContext[default] - Resource [logback.groovy] occurs at [file:/E:/Grails/exp101/build/resources/main/logback.groovy]
13:44:49,098 |-INFO in ch.qos.logback.classic.gaffer.ConfigurationDelegate@4692a8ff - registering conversion word clr with class [org.springframework.boot.logging.logback.ColorConverter]
13:44:49,109 |-INFO in ch.qos.logback.classic.gaffer.ConfigurationDelegate@4692a8ff - registering conversion word wex with class [org.springframework.boot.logging.logback.WhitespaceThrowableProxyConverter]
13:44:49,118 |-INFO in ch.qos.logback.classic.gaffer.ConfigurationDelegate@4692a8ff - About to instantiate appender of type [ch.qos.logback.core.ConsoleAppender]
13:44:49,121 |-INFO in ch.qos.logback.classic.gaffer.ConfigurationDelegate@4692a8ff - Naming appender as [STDOUT]
13:44:49,283 |-INFO in ch.qos.logback.classic.gaffer.ConfigurationDelegate@4692a8ff - Setting level of logger [ROOT] to ERROR
13:44:49,291 |-INFO in ch.qos.logback.classic.gaffer.ConfigurationDelegate@4692a8ff - Attaching appender named [STDOUT] to Logger[ROOT]

]]></system-out>
  <system-err><![CDATA[]]></system-err>
</testsuite>
