<?xml version="1.0" encoding="UTF-8"?>
<testsuite name="exp101.ExpUserControllerSpec" tests="1" skipped="0" failures="0" errors="0" timestamp="2020-02-27T09:16:38" hostname="Jeanette-PC" time="0.078">
  <properties/>
  <testcase name="test something" classname="exp101.ExpUserControllerSpec" time="0.078"/>
  <system-out><![CDATA[]]></system-out>
  <system-err><![CDATA[]]></system-err>
</testsuite>
