<?xml version="1.0" encoding="UTF-8"?>
<testsuite name="exp101.TransactionSpec" tests="1" skipped="0" failures="0" errors="0" timestamp="2020-03-01T17:30:10" hostname="Jeanette-PC" time="0.034">
  <properties/>
  <testcase name="test Transaction belonging to a user" classname="exp101.TransactionSpec" time="0.034"/>
  <system-out><![CDATA[]]></system-out>
  <system-err><![CDATA[]]></system-err>
</testsuite>
